[     434ms] [LOG] %c
▲

    ____                               _ __
   / __ \________  ____ _____ ___     (_) /_
  / / / / ___/ _ \/ __ `/ __ `__ \   / / __/
 / /_/ / /  /  __/ /_/ / / / / / /  / / /__
/_____/_/   \___/\__,_/_/ /_/ /_/  /_/\__( )
   _____ __    _          _ __           |/
  / ___// /_  (_)___     (_) /_
  \__ \/ __ \/ / __ \   / / __/
 ___/ / / / / / /_/ /  / / /_
/____/_/ /_/_/ .___/  /_/\__/
            /_/
  

Hello!

- Open Source https://vercel.com/oss
- Careers https://vercel.com/careers
- Status https://vercel-status.com

 font-family: "Geist Mono", monospace; white-space: pre; line-height: 1; @ https://vercel.com/_next/static/immutable/chunks/1sjcl_g7---zh.js:78
[     552ms] [WARNING] iso_swr: SSR fetch failed for "/v1/dashboard/projects/project-1?teamId=steezkellys-projects" {error: iso_swr_fetch_error, message: The request is missing an authentication token} @ https://vercel.com/steezkellys-projects/project-1:543
[     552ms] [WARNING] iso_swr: SSR fetch failed for "/api/v2/teams/steezkellys-projects" {error: iso_swr_fetch_error, message: The request is missing an authentication token} @ https://vercel.com/steezkellys-projects/project-1:543
[     552ms] [WARNING] iso_swr: SSR fetch failed for "/api/v8/projects?includePermissions=false&latestDeployments=0&limit=10&search=&slug=steezkellys-projects" {error: iso_swr_fetch_error, message: The request is missing an authentication token} @ https://vercel.com/steezkellys-projects/project-1:543
[     578ms] [WARNING] iso_swr: SSR fetch failed for "/api/v6/deployments?limit=10&projectId=project-1&rollbackCandidate=true&teamId=steezkellys-projects" {error: iso_swr_fetch_error, message: The request is missing an authentication token} @ https://vercel.com/steezkellys-projects/project-1:622
[     673ms] [WARNING] iso_swr: SSR fetch failed for "/api/v9/projects/project-1?activeBranches=1&latestDeployments=1&rollbackInfo=true&teamId=steezkellys-projects" {error: iso_swr_fetch_error, message: The request is missing an authentication token} @ https://vercel.com/steezkellys-projects/project-1:712
[     673ms] [WARNING] iso_swr: SSR fetch failed for "/dashboard/projects/project-1/production-checklist?teamId=steezkellys-projects" {error: iso_swr_fetch_error, message: The request is missing an authentication token} @ https://vercel.com/steezkellys-projects/project-1:712
[     688ms] [WARNING] iso_swr: SSR fetch failed for "/api/v6/deployments?limit=10&projectId=project-1&state=INITIALIZING%2CREADY%2CERROR%2CBUILDING%2CQUEUED&target=preview&teamId=steezkellys-projects" {error: iso_swr_fetch_error, message: The request is missing an authentication token} @ https://vercel.com/steezkellys-projects/project-1:791
[     955ms] [WARNING] iso_swr[warn] [client] fallback error for key: "/api/v2/teams/steezkellys-projects" {error: iso_swr_fetch_error, message: The request is missing an authentication token} @ https://vercel.com/_next/static/immutable/chunks/3eznxd6g5050b.js:6
[    1154ms] [WARNING] iso_swr[warn] [client] fallback error for key: "/v1/dashboard/projects/project-1?teamId=steezkellys-projects" {error: iso_swr_fetch_error, message: The request is missing an authentication token} @ https://vercel.com/_next/static/immutable/chunks/3eznxd6g5050b.js:6
[    1509ms] [ERROR] Failed to load resource: the server responded with a status of 403 () @ https://vercel.com/api/jwt:0
[    1510ms] [ERROR] Failed to load resource: the server responded with a status of 403 () @ https://vercel.com/api/v1/dashboard/projects/project-1?teamId=steezkellys-projects:0
[    1510ms] [ERROR] Failed to load resource: the server responded with a status of 403 () @ https://vercel.com/api/v1/notifications/push:0
[    1512ms] [ERROR] Failed to load resource: the server responded with a status of 403 () @ https://vercel.com/api/dashboard/projects/project-1/activity?teamId=steezkellys-projects:0
[    1646ms] [ERROR] Failed to load resource: the server responded with a status of 403 () @ https://vercel.com/api/v2/dashboard/projects?favorites=1&limit=25&teamId=steezkellys-projects:0
[    1646ms] [ERROR] Failed to load resource: the server responded with a status of 403 () @ https://vercel.com/api/recents?hydrateLimit=30&limit=7&teamId=steezkellys-projects&type=preview:0
[    1648ms] [ERROR] Failed to load resource: the server responded with a status of 403 () @ https://vercel.com/api/v2/teams/steezkellys-projects:0
[    1691ms] [ERROR] The script resource is behind a redirect, which is disallowed. @ :0
[    1729ms] [ERROR] CustomFetchError: The request is missing an authentication token
    at d (https://vercel.com/_next/static/immutable/chunks/0s8_fxnimqly4.js:2:22311) @ https://vercel.com/_next/static/immutable/chunks/1sjcl_g7---zh.js:108
[    1729ms] [ERROR] CustomFetchError: The request is missing an authentication token
    at d (https://vercel.com/_next/static/immutable/chunks/0s8_fxnimqly4.js:2:22311) @ https://vercel.com/_next/static/immutable/chunks/1sjcl_g7---zh.js:108
[    1730ms] [ERROR] CustomFetchError: The request is missing an authentication token
    at d (https://vercel.com/_next/static/immutable/chunks/0s8_fxnimqly4.js:2:22311) @ https://vercel.com/_next/static/immutable/chunks/1sjcl_g7---zh.js:108
[    1784ms] [LOG] %c
▲

    ________   _ __ _          ____           __
   /  _/ __/  (_) /( )_____   / __/___ ______/ /_
   / // /_   / / __/// ___/  / /_/ __ `/ ___/ __/
 _/ // __/  / / /_  (__  )  / __/ /_/ (__  ) /_
/___/_/    /_/\__/ /____/  /_/  \__,_/____/\__/
    _ __ _                         _    __                    __
   (_) /( )_____   ____  ____     | |  / /__  _____________  / /
  / / __/// ___/  / __ \/ __ \    | | / / _ \/ ___/ ___/ _ \/ /
 / / /_  (__  )  / /_/ / / / /    | |/ /  __/ /  / /__/  __/ /
/_/\__/ /____/   \____/_/ /_/     |___/\___/_/   \___/\___/_/
  

Hello!

- Open Source https://vercel.com/oss
- Careers https://vercel.com/careers
- Status https://vercel-status.com

 font-family: "Geist Mono", monospace; white-space: pre; line-height: 1; @ https://vercel.com/_next/static/immutable/chunks/1sjcl_g7---zh.js:78
[    2097ms] [WARNING] [GSI_LOGGER]: Your client application uses one of the Google One Tap prompt UI status methods that may stop functioning when FedCM becomes mandatory. Refer to the migration guide to update your code accordingly and opt-in to FedCM to test your changes. Learn more: https://developers.google.com/identity/gsi/web/guides/fedcm-migration?s=dc#display_moment and https://developers.google.com/identity/gsi/web/guides/fedcm-migration?s=dc#skipped_moment @ https://accounts.google.com/gsi/client:84
[    2139ms] [ERROR] Not signed in with the identity provider. @ https://vercel.com/login?next=%2Fsteezkellys-projects%2Fproject-1:0
[    2196ms] [WARNING] Deprecated API for given entry type. @ https://vercel.com/_next/static/immutable/chunks/14pd6hnsz7a70.js:18
[    2217ms] [ERROR] Failed to load resource: the server responded with a status of 403 () @ https://vercel.com/api/jwt:0
[    4235ms] [ERROR] [GSI_LOGGER]: FedCM get() rejects with NetworkError: Error retrieving a token. @ https://vercel.com/_next/static/immutable/chunks/0kxa-ben1kq69.js:1
[    7347ms] [WARNING] The resource https://vercel.com/_next/static/immutable/chunks/031pow1vdwxlq.css was preloaded using link preload but not used within a few seconds from the window's load event. Please make sure it has an appropriate `as` value and it is preloaded intentionally. @ https://vercel.com/login?next=%2Fsteezkellys-projects%2Fproject-1:0
[    7347ms] [WARNING] The resource https://vercel.com/_next/static/immutable/media/ebay-dark.34mho2a18qqlt.svg was preloaded using link preload but not used within a few seconds from the window's load event. Please make sure it has an appropriate `as` value and it is preloaded intentionally. @ https://vercel.com/login?next=%2Fsteezkellys-projects%2Fproject-1:0
[    7347ms] [WARNING] The resource https://vercel.com/_next/static/immutable/media/adobe-light.406_7oryl71va.svg was preloaded using link preload but not used within a few seconds from the window's load event. Please make sure it has an appropriate `as` value and it is preloaded intentionally. @ https://vercel.com/login?next=%2Fsteezkellys-projects%2Fproject-1:0
[    7347ms] [WARNING] The resource https://vercel.com/_next/static/immutable/chunks/0sc8s955mn2xw.css was preloaded using link preload but not used within a few seconds from the window's load event. Please make sure it has an appropriate `as` value and it is preloaded intentionally. @ https://vercel.com/login?next=%2Fsteezkellys-projects%2Fproject-1:0
[    7347ms] [WARNING] The resource https://vercel.com/_next/static/immutable/media/ebay-light.3ft_ki8203ov0.svg was preloaded using link preload but not used within a few seconds from the window's load event. Please make sure it has an appropriate `as` value and it is preloaded intentionally. @ https://vercel.com/login?next=%2Fsteezkellys-projects%2Fproject-1:0
[    7347ms] [WARNING] The resource https://vercel.com/_next/static/immutable/media/adobe-dark.1yc1msmmj95aw.svg was preloaded using link preload but not used within a few seconds from the window's load event. Please make sure it has an appropriate `as` value and it is preloaded intentionally. @ https://vercel.com/login?next=%2Fsteezkellys-projects%2Fproject-1:0
[    7347ms] [WARNING] The resource https://vercel.com/_next/static/immutable/media/stripe-light.2l_1jctpe6k_4.svg was preloaded using link preload but not used within a few seconds from the window's load event. Please make sure it has an appropriate `as` value and it is preloaded intentionally. @ https://vercel.com/login?next=%2Fsteezkellys-projects%2Fproject-1:0
[    7347ms] [WARNING] The resource https://vercel.com/_next/static/immutable/media/stripe-dark.16ozjth2vgb_3.svg was preloaded using link preload but not used within a few seconds from the window's load event. Please make sure it has an appropriate `as` value and it is preloaded intentionally. @ https://vercel.com/login?next=%2Fsteezkellys-projects%2Fproject-1:0
[   15620ms] [WARNING] The resource https://vercel.com/_next/static/immutable/chunks/031pow1vdwxlq.css was preloaded using link preload but not used within a few seconds from the window's load event. Please make sure it has an appropriate `as` value and it is preloaded intentionally. @ https://vercel.com/login?next=%2Fsteezkellys-projects%2Fproject-1:0
[   15620ms] [WARNING] The resource https://vercel.com/_next/static/immutable/media/ebay-dark.34mho2a18qqlt.svg was preloaded using link preload but not used within a few seconds from the window's load event. Please make sure it has an appropriate `as` value and it is preloaded intentionally. @ https://vercel.com/login?next=%2Fsteezkellys-projects%2Fproject-1:0
[   15620ms] [WARNING] The resource https://vercel.com/_next/static/immutable/media/adobe-light.406_7oryl71va.svg was preloaded using link preload but not used within a few seconds from the window's load event. Please make sure it has an appropriate `as` value and it is preloaded intentionally. @ https://vercel.com/login?next=%2Fsteezkellys-projects%2Fproject-1:0
[   15620ms] [WARNING] The resource https://vercel.com/_next/static/immutable/chunks/0sc8s955mn2xw.css was preloaded using link preload but not used within a few seconds from the window's load event. Please make sure it has an appropriate `as` value and it is preloaded intentionally. @ https://vercel.com/login?next=%2Fsteezkellys-projects%2Fproject-1:0
[   15620ms] [WARNING] The resource https://vercel.com/_next/static/immutable/media/ebay-light.3ft_ki8203ov0.svg was preloaded using link preload but not used within a few seconds from the window's load event. Please make sure it has an appropriate `as` value and it is preloaded intentionally. @ https://vercel.com/login?next=%2Fsteezkellys-projects%2Fproject-1:0
[   15621ms] [WARNING] The resource https://vercel.com/_next/static/immutable/media/adobe-dark.1yc1msmmj95aw.svg was preloaded using link preload but not used within a few seconds from the window's load event. Please make sure it has an appropriate `as` value and it is preloaded intentionally. @ https://vercel.com/login?next=%2Fsteezkellys-projects%2Fproject-1:0
[   15621ms] [WARNING] The resource https://vercel.com/_next/static/immutable/media/stripe-light.2l_1jctpe6k_4.svg was preloaded using link preload but not used within a few seconds from the window's load event. Please make sure it has an appropriate `as` value and it is preloaded intentionally. @ https://vercel.com/login?next=%2Fsteezkellys-projects%2Fproject-1:0
[   15621ms] [WARNING] The resource https://vercel.com/_next/static/immutable/media/stripe-dark.16ozjth2vgb_3.svg was preloaded using link preload but not used within a few seconds from the window's load event. Please make sure it has an appropriate `as` value and it is preloaded intentionally. @ https://vercel.com/login?next=%2Fsteezkellys-projects%2Fproject-1:0
